CRITICAL - 2026-03-02 03:40:41 --> CodeIgniter\View\Exceptions\ViewException: Invalid file: "artikel/index.php"
[Method: GET, Route: artikel]
in SYSTEMPATH\Exceptions\FrameworkException.php on line 39.
 1 SYSTEMPATH\View\View.php(226): CodeIgniter\Exceptions\FrameworkException::forInvalidFile('artikel/index.php')
 2 SYSTEMPATH\Common.php(1250): CodeIgniter\View\View->render('artikel/index', [], true)
 3 APPPATH\Controllers\Artikel.php(11): view('artikel/index', [...])
 4 SYSTEMPATH\CodeIgniter.php(951): App\Controllers\Artikel->index()
 5 SYSTEMPATH\CodeIgniter.php(497): CodeIgniter\CodeIgniter->runController(Object(App\Controllers\Artikel))
 6 SYSTEMPATH\CodeIgniter.php(340): CodeIgniter\CodeIgniter->handleRequest(null, Object(Config\Cache), false)
 7 SYSTEMPATH\Boot.php(417): CodeIgniter\CodeIgniter->run()
 8 SYSTEMPATH\Boot.php(68): CodeIgniter\Boot::runCodeIgniter(Object(CodeIgniter\CodeIgniter))
 9 FCPATH\index.php(59): CodeIgniter\Boot::bootWeb(Object(Config\Paths))
10 SYSTEMPATH\rewrite.php(44): require_once('C:\\xampp\\htdocs\\lab11_ci\\ci4\\public\\index.php')
CRITICAL - 2026-03-02 03:40:41 --> CodeIgniter\View\Exceptions\ViewException: Invalid file: "artikel/index.php"
[Method: GET, Route: artikel]
in SYSTEMPATH\Exceptions\FrameworkException.php on line 39.
 1 SYSTEMPATH\View\View.php(226): CodeIgniter\Exceptions\FrameworkException::forInvalidFile('artikel/index.php')
 2 SYSTEMPATH\Common.php(1250): CodeIgniter\View\View->render('artikel/index', [], true)
 3 APPPATH\Controllers\Artikel.php(11): view('artikel/index', [...])
 4 SYSTEMPATH\CodeIgniter.php(951): App\Controllers\Artikel->index()
 5 SYSTEMPATH\CodeIgniter.php(497): CodeIgniter\CodeIgniter->runController(Object(App\Controllers\Artikel))
 6 SYSTEMPATH\CodeIgniter.php(340): CodeIgniter\CodeIgniter->handleRequest(null, Object(Config\Cache), false)
 7 SYSTEMPATH\Boot.php(417): CodeIgniter\CodeIgniter->run()
 8 SYSTEMPATH\Boot.php(68): CodeIgniter\Boot::runCodeIgniter(Object(CodeIgniter\CodeIgniter))
 9 FCPATH\index.php(59): CodeIgniter\Boot::bootWeb(Object(Config\Paths))
10 SYSTEMPATH\rewrite.php(44): require_once('C:\\xampp\\htdocs\\lab11_ci\\ci4\\public\\index.php')
CRITICAL - 2026-03-02 03:40:42 --> CodeIgniter\View\Exceptions\ViewException: Invalid file: "artikel/index.php"
[Method: GET, Route: artikel]
in SYSTEMPATH\Exceptions\FrameworkException.php on line 39.
 1 SYSTEMPATH\View\View.php(226): CodeIgniter\Exceptions\FrameworkException::forInvalidFile('artikel/index.php')
 2 SYSTEMPATH\Common.php(1250): CodeIgniter\View\View->render('artikel/index', [], true)
 3 APPPATH\Controllers\Artikel.php(11): view('artikel/index', [...])
 4 SYSTEMPATH\CodeIgniter.php(951): App\Controllers\Artikel->index()
 5 SYSTEMPATH\CodeIgniter.php(497): CodeIgniter\CodeIgniter->runController(Object(App\Controllers\Artikel))
 6 SYSTEMPATH\CodeIgniter.php(340): CodeIgniter\CodeIgniter->handleRequest(null, Object(Config\Cache), false)
 7 SYSTEMPATH\Boot.php(417): CodeIgniter\CodeIgniter->run()
 8 SYSTEMPATH\Boot.php(68): CodeIgniter\Boot::runCodeIgniter(Object(CodeIgniter\CodeIgniter))
 9 FCPATH\index.php(59): CodeIgniter\Boot::bootWeb(Object(Config\Paths))
10 SYSTEMPATH\rewrite.php(44): require_once('C:\\xampp\\htdocs\\lab11_ci\\ci4\\public\\index.php')
CRITICAL - 2026-03-02 03:44:13 --> CodeIgniter\View\Exceptions\ViewException: Invalid file: "artikel/index.php"
[Method: GET, Route: artikel]
in SYSTEMPATH\Exceptions\FrameworkException.php on line 39.
 1 SYSTEMPATH\View\View.php(226): CodeIgniter\Exceptions\FrameworkException::forInvalidFile('artikel/index.php')
 2 SYSTEMPATH\Common.php(1250): CodeIgniter\View\View->render('artikel/index', [], true)
 3 APPPATH\Controllers\Artikel.php(11): view('artikel/index', [...])
 4 SYSTEMPATH\CodeIgniter.php(951): App\Controllers\Artikel->index()
 5 SYSTEMPATH\CodeIgniter.php(497): CodeIgniter\CodeIgniter->runController(Object(App\Controllers\Artikel))
 6 SYSTEMPATH\CodeIgniter.php(340): CodeIgniter\CodeIgniter->handleRequest(null, Object(Config\Cache), false)
 7 SYSTEMPATH\Boot.php(417): CodeIgniter\CodeIgniter->run()
 8 SYSTEMPATH\Boot.php(68): CodeIgniter\Boot::runCodeIgniter(Object(CodeIgniter\CodeIgniter))
 9 FCPATH\index.php(59): CodeIgniter\Boot::bootWeb(Object(Config\Paths))
10 SYSTEMPATH\rewrite.php(44): require_once('C:\\xampp\\htdocs\\lab11_ci\\ci4\\public\\index.php')
CRITICAL - 2026-03-02 03:45:39 --> CodeIgniter\View\Exceptions\ViewException: Invalid file: "artikel/index.php"
[Method: GET, Route: artikel]
in SYSTEMPATH\Exceptions\FrameworkException.php on line 39.
 1 SYSTEMPATH\View\View.php(226): CodeIgniter\Exceptions\FrameworkException::forInvalidFile('artikel/index.php')
 2 SYSTEMPATH\Common.php(1250): CodeIgniter\View\View->render('artikel/index', [], true)
 3 APPPATH\Controllers\Artikel.php(11): view('artikel/index', [...])
 4 SYSTEMPATH\CodeIgniter.php(951): App\Controllers\Artikel->index()
 5 SYSTEMPATH\CodeIgniter.php(497): CodeIgniter\CodeIgniter->runController(Object(App\Controllers\Artikel))
 6 SYSTEMPATH\CodeIgniter.php(340): CodeIgniter\CodeIgniter->handleRequest(null, Object(Config\Cache), false)
 7 SYSTEMPATH\Boot.php(417): CodeIgniter\CodeIgniter->run()
 8 SYSTEMPATH\Boot.php(68): CodeIgniter\Boot::runCodeIgniter(Object(CodeIgniter\CodeIgniter))
 9 FCPATH\index.php(59): CodeIgniter\Boot::bootWeb(Object(Config\Paths))
10 SYSTEMPATH\rewrite.php(44): require_once('C:\\xampp\\htdocs\\lab11_ci\\ci4\\public\\index.php')
CRITICAL - 2026-03-02 03:47:23 --> CodeIgniter\View\Exceptions\ViewException: Invalid file: "template/header.php"
[Method: GET, Route: artikel]
in SYSTEMPATH\Exceptions\FrameworkException.php on line 39.
 1 SYSTEMPATH\View\View.php(226): CodeIgniter\Exceptions\FrameworkException::forInvalidFile('template/header.php')
 2 SYSTEMPATH\View\View.php(487): CodeIgniter\View\View->render('template/header', null, true)
 3 APPPATH\Views\Artikel\index.php(1): CodeIgniter\View\View->include('template/header')
 4 SYSTEMPATH\View\View.php(238): include('C:\\xampp\\htdocs\\lab11_ci\\ci4\\app\\Views\\Artikel\\index.php')
 5 SYSTEMPATH\View\View.php(241): CodeIgniter\View\View->CodeIgniter\View\{closure}()
 6 SYSTEMPATH\Common.php(1250): CodeIgniter\View\View->render('artikel/index', [], true)
 7 APPPATH\Controllers\Artikel.php(11): view('artikel/index', [...])
 8 SYSTEMPATH\CodeIgniter.php(951): App\Controllers\Artikel->index()
 9 SYSTEMPATH\CodeIgniter.php(497): CodeIgniter\CodeIgniter->runController(Object(App\Controllers\Artikel))
10 SYSTEMPATH\CodeIgniter.php(340): CodeIgniter\CodeIgniter->handleRequest(null, Object(Config\Cache), false)
11 SYSTEMPATH\Boot.php(417): CodeIgniter\CodeIgniter->run()
12 SYSTEMPATH\Boot.php(68): CodeIgniter\Boot::runCodeIgniter(Object(CodeIgniter\CodeIgniter))
13 FCPATH\index.php(59): CodeIgniter\Boot::bootWeb(Object(Config\Paths))
14 SYSTEMPATH\rewrite.php(44): require_once('C:\\xampp\\htdocs\\lab11_ci\\ci4\\public\\index.php')
CRITICAL - 2026-03-02 03:47:24 --> CodeIgniter\View\Exceptions\ViewException: Invalid file: "template/header.php"
[Method: GET, Route: artikel]
in SYSTEMPATH\Exceptions\FrameworkException.php on line 39.
 1 SYSTEMPATH\View\View.php(226): CodeIgniter\Exceptions\FrameworkException::forInvalidFile('template/header.php')
 2 SYSTEMPATH\View\View.php(487): CodeIgniter\View\View->render('template/header', null, true)
 3 APPPATH\Views\Artikel\index.php(1): CodeIgniter\View\View->include('template/header')
 4 SYSTEMPATH\View\View.php(238): include('C:\\xampp\\htdocs\\lab11_ci\\ci4\\app\\Views\\Artikel\\index.php')
 5 SYSTEMPATH\View\View.php(241): CodeIgniter\View\View->CodeIgniter\View\{closure}()
 6 SYSTEMPATH\Common.php(1250): CodeIgniter\View\View->render('artikel/index', [], true)
 7 APPPATH\Controllers\Artikel.php(11): view('artikel/index', [...])
 8 SYSTEMPATH\CodeIgniter.php(951): App\Controllers\Artikel->index()
 9 SYSTEMPATH\CodeIgniter.php(497): CodeIgniter\CodeIgniter->runController(Object(App\Controllers\Artikel))
10 SYSTEMPATH\CodeIgniter.php(340): CodeIgniter\CodeIgniter->handleRequest(null, Object(Config\Cache), false)
11 SYSTEMPATH\Boot.php(417): CodeIgniter\CodeIgniter->run()
12 SYSTEMPATH\Boot.php(68): CodeIgniter\Boot::runCodeIgniter(Object(CodeIgniter\CodeIgniter))
13 FCPATH\index.php(59): CodeIgniter\Boot::bootWeb(Object(Config\Paths))
14 SYSTEMPATH\rewrite.php(44): require_once('C:\\xampp\\htdocs\\lab11_ci\\ci4\\public\\index.php')
CRITICAL - 2026-03-02 03:47:25 --> CodeIgniter\View\Exceptions\ViewException: Invalid file: "template/header.php"
[Method: GET, Route: artikel]
in SYSTEMPATH\Exceptions\FrameworkException.php on line 39.
 1 SYSTEMPATH\View\View.php(226): CodeIgniter\Exceptions\FrameworkException::forInvalidFile('template/header.php')
 2 SYSTEMPATH\View\View.php(487): CodeIgniter\View\View->render('template/header', null, true)
 3 APPPATH\Views\Artikel\index.php(1): CodeIgniter\View\View->include('template/header')
 4 SYSTEMPATH\View\View.php(238): include('C:\\xampp\\htdocs\\lab11_ci\\ci4\\app\\Views\\Artikel\\index.php')
 5 SYSTEMPATH\View\View.php(241): CodeIgniter\View\View->CodeIgniter\View\{closure}()
 6 SYSTEMPATH\Common.php(1250): CodeIgniter\View\View->render('artikel/index', [], true)
 7 APPPATH\Controllers\Artikel.php(11): view('artikel/index', [...])
 8 SYSTEMPATH\CodeIgniter.php(951): App\Controllers\Artikel->index()
 9 SYSTEMPATH\CodeIgniter.php(497): CodeIgniter\CodeIgniter->runController(Object(App\Controllers\Artikel))
10 SYSTEMPATH\CodeIgniter.php(340): CodeIgniter\CodeIgniter->handleRequest(null, Object(Config\Cache), false)
11 SYSTEMPATH\Boot.php(417): CodeIgniter\CodeIgniter->run()
12 SYSTEMPATH\Boot.php(68): CodeIgniter\Boot::runCodeIgniter(Object(CodeIgniter\CodeIgniter))
13 FCPATH\index.php(59): CodeIgniter\Boot::bootWeb(Object(Config\Paths))
14 SYSTEMPATH\rewrite.php(44): require_once('C:\\xampp\\htdocs\\lab11_ci\\ci4\\public\\index.php')
CRITICAL - 2026-03-02 03:47:25 --> CodeIgniter\View\Exceptions\ViewException: Invalid file: "template/header.php"
[Method: GET, Route: artikel]
in SYSTEMPATH\Exceptions\FrameworkException.php on line 39.
 1 SYSTEMPATH\View\View.php(226): CodeIgniter\Exceptions\FrameworkException::forInvalidFile('template/header.php')
 2 SYSTEMPATH\View\View.php(487): CodeIgniter\View\View->render('template/header', null, true)
 3 APPPATH\Views\Artikel\index.php(1): CodeIgniter\View\View->include('template/header')
 4 SYSTEMPATH\View\View.php(238): include('C:\\xampp\\htdocs\\lab11_ci\\ci4\\app\\Views\\Artikel\\index.php')
 5 SYSTEMPATH\View\View.php(241): CodeIgniter\View\View->CodeIgniter\View\{closure}()
 6 SYSTEMPATH\Common.php(1250): CodeIgniter\View\View->render('artikel/index', [], true)
 7 APPPATH\Controllers\Artikel.php(11): view('artikel/index', [...])
 8 SYSTEMPATH\CodeIgniter.php(951): App\Controllers\Artikel->index()
 9 SYSTEMPATH\CodeIgniter.php(497): CodeIgniter\CodeIgniter->runController(Object(App\Controllers\Artikel))
10 SYSTEMPATH\CodeIgniter.php(340): CodeIgniter\CodeIgniter->handleRequest(null, Object(Config\Cache), false)
11 SYSTEMPATH\Boot.php(417): CodeIgniter\CodeIgniter->run()
12 SYSTEMPATH\Boot.php(68): CodeIgniter\Boot::runCodeIgniter(Object(CodeIgniter\CodeIgniter))
13 FCPATH\index.php(59): CodeIgniter\Boot::bootWeb(Object(Config\Paths))
14 SYSTEMPATH\rewrite.php(44): require_once('C:\\xampp\\htdocs\\lab11_ci\\ci4\\public\\index.php')
CRITICAL - 2026-03-02 03:47:26 --> CodeIgniter\View\Exceptions\ViewException: Invalid file: "template/header.php"
[Method: GET, Route: artikel]
in SYSTEMPATH\Exceptions\FrameworkException.php on line 39.
 1 SYSTEMPATH\View\View.php(226): CodeIgniter\Exceptions\FrameworkException::forInvalidFile('template/header.php')
 2 SYSTEMPATH\View\View.php(487): CodeIgniter\View\View->render('template/header', null, true)
 3 APPPATH\Views\Artikel\index.php(1): CodeIgniter\View\View->include('template/header')
 4 SYSTEMPATH\View\View.php(238): include('C:\\xampp\\htdocs\\lab11_ci\\ci4\\app\\Views\\Artikel\\index.php')
 5 SYSTEMPATH\View\View.php(241): CodeIgniter\View\View->CodeIgniter\View\{closure}()
 6 SYSTEMPATH\Common.php(1250): CodeIgniter\View\View->render('artikel/index', [], true)
 7 APPPATH\Controllers\Artikel.php(11): view('artikel/index', [...])
 8 SYSTEMPATH\CodeIgniter.php(951): App\Controllers\Artikel->index()
 9 SYSTEMPATH\CodeIgniter.php(497): CodeIgniter\CodeIgniter->runController(Object(App\Controllers\Artikel))
10 SYSTEMPATH\CodeIgniter.php(340): CodeIgniter\CodeIgniter->handleRequest(null, Object(Config\Cache), false)
11 SYSTEMPATH\Boot.php(417): CodeIgniter\CodeIgniter->run()
12 SYSTEMPATH\Boot.php(68): CodeIgniter\Boot::runCodeIgniter(Object(CodeIgniter\CodeIgniter))
13 FCPATH\index.php(59): CodeIgniter\Boot::bootWeb(Object(Config\Paths))
14 SYSTEMPATH\rewrite.php(44): require_once('C:\\xampp\\htdocs\\lab11_ci\\ci4\\public\\index.php')
CRITICAL - 2026-03-02 03:57:23 --> ErrorException: Undefined variable $row
[Method: GET, Route: artikel/artikel-kedua]
in APPPATH\Views\Artikel\detail.php on line 6.
 1 APPPATH\Views\Artikel\detail.php(6): CodeIgniter\Debug\Exceptions->errorHandler(2, 'Undefined variable $row', 'C:\\xampp\\htdocs\\lab11_ci\\ci4\\app\\Views\\Artikel\\detail.php', 6)
 2 SYSTEMPATH\View\View.php(238): include('C:\\xampp\\htdocs\\lab11_ci\\ci4\\app\\Views\\Artikel\\detail.php')
 3 SYSTEMPATH\View\View.php(241): CodeIgniter\View\View->CodeIgniter\View\{closure}()
 4 SYSTEMPATH\Common.php(1250): CodeIgniter\View\View->render('artikel/detail', [], true)
 5 APPPATH\Controllers\Artikel.php(26): view('artikel/detail', [...])
 6 SYSTEMPATH\CodeIgniter.php(951): App\Controllers\Artikel->view('artikel-kedua')
 7 SYSTEMPATH\CodeIgniter.php(497): CodeIgniter\CodeIgniter->runController(Object(App\Controllers\Artikel))
 8 SYSTEMPATH\CodeIgniter.php(340): CodeIgniter\CodeIgniter->handleRequest(null, Object(Config\Cache), false)
 9 SYSTEMPATH\Boot.php(417): CodeIgniter\CodeIgniter->run()
10 SYSTEMPATH\Boot.php(68): CodeIgniter\Boot::runCodeIgniter(Object(CodeIgniter\CodeIgniter))
11 FCPATH\index.php(59): CodeIgniter\Boot::bootWeb(Object(Config\Paths))
12 SYSTEMPATH\rewrite.php(44): require_once('C:\\xampp\\htdocs\\lab11_ci\\ci4\\public\\index.php')
CRITICAL - 2026-03-02 04:00:10 --> ErrorException: Undefined variable $row
[Method: GET, Route: artikel/artikel-pertama]
in APPPATH\Views\Artikel\detail.php on line 6.
 1 APPPATH\Views\Artikel\detail.php(6): CodeIgniter\Debug\Exceptions->errorHandler(2, 'Undefined variable $row', 'C:\\xampp\\htdocs\\lab11_ci\\ci4\\app\\Views\\Artikel\\detail.php', 6)
 2 SYSTEMPATH\View\View.php(238): include('C:\\xampp\\htdocs\\lab11_ci\\ci4\\app\\Views\\Artikel\\detail.php')
 3 SYSTEMPATH\View\View.php(241): CodeIgniter\View\View->CodeIgniter\View\{closure}()
 4 SYSTEMPATH\Common.php(1250): CodeIgniter\View\View->render('artikel/detail', [], true)
 5 APPPATH\Controllers\Artikel.php(26): view('artikel/detail', [...])
 6 SYSTEMPATH\CodeIgniter.php(951): App\Controllers\Artikel->view('artikel-pertama')
 7 SYSTEMPATH\CodeIgniter.php(497): CodeIgniter\CodeIgniter->runController(Object(App\Controllers\Artikel))
 8 SYSTEMPATH\CodeIgniter.php(340): CodeIgniter\CodeIgniter->handleRequest(null, Object(Config\Cache), false)
 9 SYSTEMPATH\Boot.php(417): CodeIgniter\CodeIgniter->run()
10 SYSTEMPATH\Boot.php(68): CodeIgniter\Boot::runCodeIgniter(Object(CodeIgniter\CodeIgniter))
11 FCPATH\index.php(59): CodeIgniter\Boot::bootWeb(Object(Config\Paths))
12 SYSTEMPATH\rewrite.php(44): require_once('C:\\xampp\\htdocs\\lab11_ci\\ci4\\public\\index.php')
CRITICAL - 2026-03-02 04:00:14 --> ErrorException: Undefined variable $row
[Method: GET, Route: artikel/artikel-kedua]
in APPPATH\Views\Artikel\detail.php on line 6.
 1 APPPATH\Views\Artikel\detail.php(6): CodeIgniter\Debug\Exceptions->errorHandler(2, 'Undefined variable $row', 'C:\\xampp\\htdocs\\lab11_ci\\ci4\\app\\Views\\Artikel\\detail.php', 6)
 2 SYSTEMPATH\View\View.php(238): include('C:\\xampp\\htdocs\\lab11_ci\\ci4\\app\\Views\\Artikel\\detail.php')
 3 SYSTEMPATH\View\View.php(241): CodeIgniter\View\View->CodeIgniter\View\{closure}()
 4 SYSTEMPATH\Common.php(1250): CodeIgniter\View\View->render('artikel/detail', [], true)
 5 APPPATH\Controllers\Artikel.php(26): view('artikel/detail', [...])
 6 SYSTEMPATH\CodeIgniter.php(951): App\Controllers\Artikel->view('artikel-kedua')
 7 SYSTEMPATH\CodeIgniter.php(497): CodeIgniter\CodeIgniter->runController(Object(App\Controllers\Artikel))
 8 SYSTEMPATH\CodeIgniter.php(340): CodeIgniter\CodeIgniter->handleRequest(null, Object(Config\Cache), false)
 9 SYSTEMPATH\Boot.php(417): CodeIgniter\CodeIgniter->run()
10 SYSTEMPATH\Boot.php(68): CodeIgniter\Boot::runCodeIgniter(Object(CodeIgniter\CodeIgniter))
11 FCPATH\index.php(59): CodeIgniter\Boot::bootWeb(Object(Config\Paths))
12 SYSTEMPATH\rewrite.php(44): require_once('C:\\xampp\\htdocs\\lab11_ci\\ci4\\public\\index.php')
CRITICAL - 2026-03-02 04:01:50 --> ErrorException: Undefined variable $row
[Method: GET, Route: artikel/artikel-kedua]
in APPPATH\Views\Artikel\detail.php on line 6.
 1 APPPATH\Views\Artikel\detail.php(6): CodeIgniter\Debug\Exceptions->errorHandler(2, 'Undefined variable $row', 'C:\\xampp\\htdocs\\lab11_ci\\ci4\\app\\Views\\Artikel\\detail.php', 6)
 2 SYSTEMPATH\View\View.php(238): include('C:\\xampp\\htdocs\\lab11_ci\\ci4\\app\\Views\\Artikel\\detail.php')
 3 SYSTEMPATH\View\View.php(241): CodeIgniter\View\View->CodeIgniter\View\{closure}()
 4 SYSTEMPATH\Common.php(1250): CodeIgniter\View\View->render('artikel/detail', [], true)
 5 APPPATH\Controllers\Artikel.php(26): view('artikel/detail', [...])
 6 SYSTEMPATH\CodeIgniter.php(951): App\Controllers\Artikel->view('artikel-kedua')
 7 SYSTEMPATH\CodeIgniter.php(497): CodeIgniter\CodeIgniter->runController(Object(App\Controllers\Artikel))
 8 SYSTEMPATH\CodeIgniter.php(340): CodeIgniter\CodeIgniter->handleRequest(null, Object(Config\Cache), false)
 9 SYSTEMPATH\Boot.php(417): CodeIgniter\CodeIgniter->run()
10 SYSTEMPATH\Boot.php(68): CodeIgniter\Boot::runCodeIgniter(Object(CodeIgniter\CodeIgniter))
11 FCPATH\index.php(59): CodeIgniter\Boot::bootWeb(Object(Config\Paths))
12 SYSTEMPATH\rewrite.php(44): require_once('C:\\xampp\\htdocs\\lab11_ci\\ci4\\public\\index.php')
CRITICAL - 2026-03-02 04:01:53 --> ErrorException: Undefined variable $row
[Method: GET, Route: artikel/artikel-pertama]
in APPPATH\Views\Artikel\detail.php on line 6.
 1 APPPATH\Views\Artikel\detail.php(6): CodeIgniter\Debug\Exceptions->errorHandler(2, 'Undefined variable $row', 'C:\\xampp\\htdocs\\lab11_ci\\ci4\\app\\Views\\Artikel\\detail.php', 6)
 2 SYSTEMPATH\View\View.php(238): include('C:\\xampp\\htdocs\\lab11_ci\\ci4\\app\\Views\\Artikel\\detail.php')
 3 SYSTEMPATH\View\View.php(241): CodeIgniter\View\View->CodeIgniter\View\{closure}()
 4 SYSTEMPATH\Common.php(1250): CodeIgniter\View\View->render('artikel/detail', [], true)
 5 APPPATH\Controllers\Artikel.php(26): view('artikel/detail', [...])
 6 SYSTEMPATH\CodeIgniter.php(951): App\Controllers\Artikel->view('artikel-pertama')
 7 SYSTEMPATH\CodeIgniter.php(497): CodeIgniter\CodeIgniter->runController(Object(App\Controllers\Artikel))
 8 SYSTEMPATH\CodeIgniter.php(340): CodeIgniter\CodeIgniter->handleRequest(null, Object(Config\Cache), false)
 9 SYSTEMPATH\Boot.php(417): CodeIgniter\CodeIgniter->run()
10 SYSTEMPATH\Boot.php(68): CodeIgniter\Boot::runCodeIgniter(Object(CodeIgniter\CodeIgniter))
11 FCPATH\index.php(59): CodeIgniter\Boot::bootWeb(Object(Config\Paths))
12 SYSTEMPATH\rewrite.php(44): require_once('C:\\xampp\\htdocs\\lab11_ci\\ci4\\public\\index.php')
CRITICAL - 2026-03-02 04:08:20 --> CodeIgniter\View\Exceptions\ViewException: Invalid file: "artikel/admin_index.php"
[Method: GET, Route: admin/artikel]
in SYSTEMPATH\Exceptions\FrameworkException.php on line 39.
 1 SYSTEMPATH\View\View.php(226): CodeIgniter\Exceptions\FrameworkException::forInvalidFile('artikel/admin_index.php')
 2 SYSTEMPATH\Common.php(1250): CodeIgniter\View\View->render('artikel/admin_index', [], true)
 3 APPPATH\Controllers\Artikel.php(33): view('artikel/admin_index', [...])
 4 SYSTEMPATH\CodeIgniter.php(951): App\Controllers\Artikel->admin_index()
 5 SYSTEMPATH\CodeIgniter.php(497): CodeIgniter\CodeIgniter->runController(Object(App\Controllers\Artikel))
 6 SYSTEMPATH\CodeIgniter.php(340): CodeIgniter\CodeIgniter->handleRequest(null, Object(Config\Cache), false)
 7 SYSTEMPATH\Boot.php(417): CodeIgniter\CodeIgniter->run()
 8 SYSTEMPATH\Boot.php(68): CodeIgniter\Boot::runCodeIgniter(Object(CodeIgniter\CodeIgniter))
 9 FCPATH\index.php(59): CodeIgniter\Boot::bootWeb(Object(Config\Paths))
10 SYSTEMPATH\rewrite.php(44): require_once('C:\\xampp\\htdocs\\lab11_ci\\ci4\\public\\index.php')
CRITICAL - 2026-03-02 04:08:43 --> CodeIgniter\View\Exceptions\ViewException: Invalid file: "artikel/admin_index.php"
[Method: GET, Route: admin/artikel]
in SYSTEMPATH\Exceptions\FrameworkException.php on line 39.
 1 SYSTEMPATH\View\View.php(226): CodeIgniter\Exceptions\FrameworkException::forInvalidFile('artikel/admin_index.php')
 2 SYSTEMPATH\Common.php(1250): CodeIgniter\View\View->render('artikel/admin_index', [], true)
 3 APPPATH\Controllers\Artikel.php(33): view('artikel/admin_index', [...])
 4 SYSTEMPATH\CodeIgniter.php(951): App\Controllers\Artikel->admin_index()
 5 SYSTEMPATH\CodeIgniter.php(497): CodeIgniter\CodeIgniter->runController(Object(App\Controllers\Artikel))
 6 SYSTEMPATH\CodeIgniter.php(340): CodeIgniter\CodeIgniter->handleRequest(null, Object(Config\Cache), false)
 7 SYSTEMPATH\Boot.php(417): CodeIgniter\CodeIgniter->run()
 8 SYSTEMPATH\Boot.php(68): CodeIgniter\Boot::runCodeIgniter(Object(CodeIgniter\CodeIgniter))
 9 FCPATH\index.php(59): CodeIgniter\Boot::bootWeb(Object(Config\Paths))
10 SYSTEMPATH\rewrite.php(44): require_once('C:\\xampp\\htdocs\\lab11_ci\\ci4\\public\\index.php')
CRITICAL - 2026-03-02 04:09:17 --> CodeIgniter\View\Exceptions\ViewException: Invalid file: "template/admin_header.php"
[Method: GET, Route: admin/artikel]
in SYSTEMPATH\Exceptions\FrameworkException.php on line 39.
 1 SYSTEMPATH\View\View.php(226): CodeIgniter\Exceptions\FrameworkException::forInvalidFile('template/admin_header.php')
 2 SYSTEMPATH\View\View.php(487): CodeIgniter\View\View->render('template/admin_header', null, true)
 3 APPPATH\Views\Artikel\admin_index.php(1): CodeIgniter\View\View->include('template/admin_header')
 4 SYSTEMPATH\View\View.php(238): include('C:\\xampp\\htdocs\\lab11_ci\\ci4\\app\\Views\\Artikel\\admin_index.php')
 5 SYSTEMPATH\View\View.php(241): CodeIgniter\View\View->CodeIgniter\View\{closure}()
 6 SYSTEMPATH\Common.php(1250): CodeIgniter\View\View->render('artikel/admin_index', [], true)
 7 APPPATH\Controllers\Artikel.php(33): view('artikel/admin_index', [...])
 8 SYSTEMPATH\CodeIgniter.php(951): App\Controllers\Artikel->admin_index()
 9 SYSTEMPATH\CodeIgniter.php(497): CodeIgniter\CodeIgniter->runController(Object(App\Controllers\Artikel))
10 SYSTEMPATH\CodeIgniter.php(340): CodeIgniter\CodeIgniter->handleRequest(null, Object(Config\Cache), false)
11 SYSTEMPATH\Boot.php(417): CodeIgniter\CodeIgniter->run()
12 SYSTEMPATH\Boot.php(68): CodeIgniter\Boot::runCodeIgniter(Object(CodeIgniter\CodeIgniter))
13 FCPATH\index.php(59): CodeIgniter\Boot::bootWeb(Object(Config\Paths))
14 SYSTEMPATH\rewrite.php(44): require_once('C:\\xampp\\htdocs\\lab11_ci\\ci4\\public\\index.php')
CRITICAL - 2026-03-02 04:09:19 --> CodeIgniter\View\Exceptions\ViewException: Invalid file: "template/admin_header.php"
[Method: GET, Route: admin/artikel]
in SYSTEMPATH\Exceptions\FrameworkException.php on line 39.
 1 SYSTEMPATH\View\View.php(226): CodeIgniter\Exceptions\FrameworkException::forInvalidFile('template/admin_header.php')
 2 SYSTEMPATH\View\View.php(487): CodeIgniter\View\View->render('template/admin_header', null, true)
 3 APPPATH\Views\Artikel\admin_index.php(1): CodeIgniter\View\View->include('template/admin_header')
 4 SYSTEMPATH\View\View.php(238): include('C:\\xampp\\htdocs\\lab11_ci\\ci4\\app\\Views\\Artikel\\admin_index.php')
 5 SYSTEMPATH\View\View.php(241): CodeIgniter\View\View->CodeIgniter\View\{closure}()
 6 SYSTEMPATH\Common.php(1250): CodeIgniter\View\View->render('artikel/admin_index', [], true)
 7 APPPATH\Controllers\Artikel.php(33): view('artikel/admin_index', [...])
 8 SYSTEMPATH\CodeIgniter.php(951): App\Controllers\Artikel->admin_index()
 9 SYSTEMPATH\CodeIgniter.php(497): CodeIgniter\CodeIgniter->runController(Object(App\Controllers\Artikel))
10 SYSTEMPATH\CodeIgniter.php(340): CodeIgniter\CodeIgniter->handleRequest(null, Object(Config\Cache), false)
11 SYSTEMPATH\Boot.php(417): CodeIgniter\CodeIgniter->run()
12 SYSTEMPATH\Boot.php(68): CodeIgniter\Boot::runCodeIgniter(Object(CodeIgniter\CodeIgniter))
13 FCPATH\index.php(59): CodeIgniter\Boot::bootWeb(Object(Config\Paths))
14 SYSTEMPATH\rewrite.php(44): require_once('C:\\xampp\\htdocs\\lab11_ci\\ci4\\public\\index.php')
